2025-05-10 01:10:59,352 - INFO - Starting the training script.
2025-05-10 01:10:59,364 - INFO - Using device: cuda
2025-05-10 01:10:59,365 - INFO - Training model: vit_b_16
2025-05-10 01:10:59,365 - INFO - Preparing DataLoaders...
2025-05-10 01:10:59,406 - INFO - Training samples: 8012
2025-05-10 01:10:59,406 - INFO - Validation samples: 2003
2025-05-10 01:10:59,406 - INFO - Testing samples: 1511
2025-05-10 01:10:59,406 - INFO - Loading model: vit_b_16...
2025-05-10 01:11:00,208 - INFO - Model loaded successfully.
2025-05-10 01:11:00,212 - INFO - Loss function, optimizer, and scheduler defined.
2025-05-10 01:11:00,212 - INFO - Starting training for vit_b_16...
2025-05-10 01:11:00,212 - INFO - Epoch [1/100]
2025-05-10 01:12:04,139 - INFO -   Training loss: 1.0647
2025-05-10 01:12:24,598 - INFO -   Validation loss: 1.6724
2025-05-10 01:12:24,598 - INFO -   Validation accuracy: 8.39%
2025-05-10 01:12:24,598 - INFO -   Learning rate: 0.0001
2025-05-10 01:12:24,903 - INFO - Epoch [2/100]
2025-05-10 01:13:27,273 - INFO -   Training loss: 0.7593
2025-05-10 01:13:47,696 - INFO -   Validation loss: 1.7215
2025-05-10 01:13:47,696 - INFO -   Validation accuracy: 8.14%
2025-05-10 01:13:47,697 - INFO -   Learning rate: 0.0001
2025-05-10 01:13:47,697 - INFO - Epoch [3/100]
2025-05-10 01:14:52,204 - INFO -   Training loss: 0.6719
2025-05-10 01:15:12,569 - INFO -   Validation loss: 1.4487
2025-05-10 01:15:12,569 - INFO -   Validation accuracy: 12.38%
2025-05-10 01:15:12,569 - INFO -   Learning rate: 0.0001
2025-05-10 01:15:12,847 - INFO - Epoch [4/100]
2025-05-10 01:16:17,569 - INFO -   Training loss: 0.6394
2025-05-10 01:16:37,665 - INFO -   Validation loss: 1.4901
2025-05-10 01:16:37,665 - INFO -   Validation accuracy: 13.43%
2025-05-10 01:16:37,665 - INFO -   Learning rate: 0.0001
2025-05-10 01:16:37,666 - INFO - Epoch [5/100]
2025-05-10 01:17:42,529 - INFO -   Training loss: 0.5999
2025-05-10 01:18:02,683 - INFO -   Validation loss: 1.3446
2025-05-10 01:18:02,683 - INFO -   Validation accuracy: 18.82%
2025-05-10 01:18:02,684 - INFO -   Learning rate: 0.0001
2025-05-10 01:18:02,950 - INFO - Epoch [6/100]
2025-05-10 01:19:07,681 - INFO -   Training loss: 0.5487
2025-05-10 01:19:28,464 - INFO -   Validation loss: 1.3716
2025-05-10 01:19:28,464 - INFO -   Validation accuracy: 21.32%
2025-05-10 01:19:28,464 - INFO -   Learning rate: 0.0001
2025-05-10 01:19:28,465 - INFO - Epoch [7/100]
2025-05-10 01:20:33,415 - INFO -   Training loss: 0.5462
2025-05-10 01:20:53,403 - INFO -   Validation loss: 1.3458
2025-05-10 01:20:53,403 - INFO -   Validation accuracy: 22.67%
2025-05-10 01:20:53,403 - INFO -   Learning rate: 0.0001
2025-05-10 01:20:53,403 - INFO - Epoch [8/100]
2025-05-10 01:21:57,977 - INFO -   Training loss: 0.5347
2025-05-10 01:22:18,188 - INFO -   Validation loss: 1.3417
2025-05-10 01:22:18,188 - INFO -   Validation accuracy: 27.66%
2025-05-10 01:22:18,188 - INFO -   Learning rate: 0.0001
2025-05-10 01:22:18,457 - INFO - Epoch [9/100]
2025-05-10 01:23:23,330 - INFO -   Training loss: 0.5000
2025-05-10 01:23:43,394 - INFO -   Validation loss: 1.2270
2025-05-10 01:23:43,394 - INFO -   Validation accuracy: 35.75%
2025-05-10 01:23:43,394 - INFO -   Learning rate: 0.0001
2025-05-10 01:23:43,666 - INFO - Epoch [10/100]
2025-05-10 01:24:48,552 - INFO -   Training loss: 0.4954
2025-05-10 01:25:08,536 - INFO -   Validation loss: 1.2150
2025-05-10 01:25:08,536 - INFO -   Validation accuracy: 31.15%
2025-05-10 01:25:08,536 - INFO -   Learning rate: 0.0001
2025-05-10 01:25:08,808 - INFO - Epoch [11/100]
2025-05-10 01:26:13,524 - INFO -   Training loss: 0.4689
2025-05-10 01:26:33,693 - INFO -   Validation loss: 1.2763
2025-05-10 01:26:33,693 - INFO -   Validation accuracy: 28.01%
2025-05-10 01:26:33,693 - INFO -   Learning rate: 0.0001
2025-05-10 01:26:33,693 - INFO - Epoch [12/100]
2025-05-10 01:27:38,726 - INFO -   Training loss: 0.4518
2025-05-10 01:27:58,845 - INFO -   Validation loss: 1.2502
2025-05-10 01:27:58,845 - INFO -   Validation accuracy: 37.39%
2025-05-10 01:27:58,845 - INFO -   Learning rate: 0.0001
2025-05-10 01:27:58,846 - INFO - Epoch [13/100]
2025-05-10 01:29:03,248 - INFO -   Training loss: 0.4490
2025-05-10 01:29:23,055 - INFO -   Validation loss: 1.1233
2025-05-10 01:29:23,055 - INFO -   Validation accuracy: 39.74%
2025-05-10 01:29:23,055 - INFO -   Learning rate: 0.0001
2025-05-10 01:29:23,324 - INFO - Epoch [14/100]
2025-05-10 01:30:28,244 - INFO -   Training loss: 0.4601
2025-05-10 01:30:48,421 - INFO -   Validation loss: 1.2052
2025-05-10 01:30:48,421 - INFO -   Validation accuracy: 37.04%
2025-05-10 01:30:48,421 - INFO -   Learning rate: 0.0001
2025-05-10 01:30:48,421 - INFO - Epoch [15/100]
2025-05-10 01:31:53,242 - INFO -   Training loss: 0.4599
2025-05-10 01:32:13,209 - INFO -   Validation loss: 1.1596
2025-05-10 01:32:13,209 - INFO -   Validation accuracy: 41.04%
2025-05-10 01:32:13,209 - INFO -   Learning rate: 0.0001
2025-05-10 01:32:13,209 - INFO - Epoch [16/100]
2025-05-10 01:33:18,031 - INFO -   Training loss: 0.4233
2025-05-10 01:33:38,373 - INFO -   Validation loss: 1.1384
2025-05-10 01:33:38,374 - INFO -   Validation accuracy: 38.49%
2025-05-10 01:33:38,374 - INFO -   Learning rate: 0.0001
2025-05-10 01:33:38,374 - INFO - Epoch [17/100]
2025-05-10 01:34:43,164 - INFO -   Training loss: 0.4011
2025-05-10 01:35:03,339 - INFO -   Validation loss: 1.1152
2025-05-10 01:35:03,340 - INFO -   Validation accuracy: 42.54%
2025-05-10 01:35:03,340 - INFO -   Learning rate: 0.0001
2025-05-10 01:35:03,607 - INFO - Epoch [18/100]
2025-05-10 01:36:08,358 - INFO -   Training loss: 0.4120
2025-05-10 01:36:28,519 - INFO -   Validation loss: 1.2319
2025-05-10 01:36:28,520 - INFO -   Validation accuracy: 31.45%
2025-05-10 01:36:28,520 - INFO -   Learning rate: 0.0001
2025-05-10 01:36:28,520 - INFO - Epoch [19/100]
2025-05-10 01:37:33,332 - INFO -   Training loss: 0.4144
2025-05-10 01:37:53,304 - INFO -   Validation loss: 1.1235
2025-05-10 01:37:53,304 - INFO -   Validation accuracy: 41.54%
2025-05-10 01:37:53,305 - INFO -   Learning rate: 0.0001
2025-05-10 01:37:53,305 - INFO - Epoch [20/100]
2025-05-10 01:38:58,136 - INFO -   Training loss: 0.4231
2025-05-10 01:39:18,457 - INFO -   Validation loss: 1.1184
2025-05-10 01:39:18,457 - INFO -   Validation accuracy: 42.64%
2025-05-10 01:39:18,457 - INFO -   Learning rate: 0.0001
2025-05-10 01:39:18,457 - INFO - Epoch [21/100]
2025-05-10 01:40:23,469 - INFO -   Training loss: 0.3909
2025-05-10 01:40:43,625 - INFO -   Validation loss: 1.0759
2025-05-10 01:40:43,625 - INFO -   Validation accuracy: 45.73%
2025-05-10 01:40:43,625 - INFO -   Learning rate: 0.0001
2025-05-10 01:40:43,891 - INFO - Epoch [22/100]
2025-05-10 01:41:48,641 - INFO -   Training loss: 0.3877
2025-05-10 01:42:08,822 - INFO -   Validation loss: 1.1436
2025-05-10 01:42:08,822 - INFO -   Validation accuracy: 47.58%
2025-05-10 01:42:08,822 - INFO -   Learning rate: 0.0001
2025-05-10 01:42:08,822 - INFO - Epoch [23/100]
2025-05-10 01:43:13,601 - INFO -   Training loss: 0.4023
2025-05-10 01:43:33,743 - INFO -   Validation loss: 1.0546
2025-05-10 01:43:33,744 - INFO -   Validation accuracy: 47.13%
2025-05-10 01:43:33,744 - INFO -   Learning rate: 0.0001
2025-05-10 01:43:34,009 - INFO - Epoch [24/100]
2025-05-10 01:44:38,760 - INFO -   Training loss: 0.3823
2025-05-10 01:44:58,955 - INFO -   Validation loss: 1.0635
2025-05-10 01:44:58,955 - INFO -   Validation accuracy: 46.73%
2025-05-10 01:44:58,955 - INFO -   Learning rate: 0.0001
2025-05-10 01:44:58,955 - INFO - Epoch [25/100]
2025-05-10 01:46:03,772 - INFO -   Training loss: 0.3874
2025-05-10 01:46:23,919 - INFO -   Validation loss: 1.1511
2025-05-10 01:46:23,919 - INFO -   Validation accuracy: 38.29%
2025-05-10 01:46:23,919 - INFO -   Learning rate: 0.0001
2025-05-10 01:46:23,920 - INFO - Epoch [26/100]
2025-05-10 01:47:28,717 - INFO -   Training loss: 0.3689
2025-05-10 01:47:48,594 - INFO -   Validation loss: 1.0905
2025-05-10 01:47:48,595 - INFO -   Validation accuracy: 47.23%
2025-05-10 01:47:48,595 - INFO -   Learning rate: 0.0001
2025-05-10 01:47:48,595 - INFO - Epoch [27/100]
2025-05-10 01:48:53,317 - INFO -   Training loss: 0.3463
2025-05-10 01:49:13,484 - INFO -   Validation loss: 1.0740
2025-05-10 01:49:13,485 - INFO -   Validation accuracy: 48.43%
2025-05-10 01:49:13,485 - INFO -   Learning rate: 0.0001
2025-05-10 01:49:13,485 - INFO - Epoch [28/100]
2025-05-10 01:50:18,269 - INFO -   Training loss: 0.3546
2025-05-10 01:50:38,429 - INFO -   Validation loss: 1.0829
2025-05-10 01:50:38,429 - INFO -   Validation accuracy: 46.58%
2025-05-10 01:50:38,429 - INFO -   Learning rate: 0.0001
2025-05-10 01:50:38,429 - INFO - Epoch [29/100]
2025-05-10 01:51:43,250 - INFO -   Training loss: 0.3510
2025-05-10 01:52:03,396 - INFO -   Validation loss: 1.0234
2025-05-10 01:52:03,396 - INFO -   Validation accuracy: 47.63%
2025-05-10 01:52:03,396 - INFO -   Learning rate: 0.0001
2025-05-10 01:52:03,663 - INFO - Epoch [30/100]
2025-05-10 01:53:08,405 - INFO -   Training loss: 0.3648
2025-05-10 01:53:28,401 - INFO -   Validation loss: 1.0124
2025-05-10 01:53:28,401 - INFO -   Validation accuracy: 49.73%
2025-05-10 01:53:28,401 - INFO -   Learning rate: 0.0001
2025-05-10 01:53:28,675 - INFO - Epoch [31/100]
2025-05-10 01:54:33,391 - INFO -   Training loss: 0.3282
2025-05-10 01:54:53,357 - INFO -   Validation loss: 1.0821
2025-05-10 01:54:53,357 - INFO -   Validation accuracy: 46.53%
2025-05-10 01:54:53,357 - INFO -   Learning rate: 0.0001
2025-05-10 01:54:53,357 - INFO - Epoch [32/100]
2025-05-10 01:55:58,156 - INFO -   Training loss: 0.3528
2025-05-10 01:56:18,317 - INFO -   Validation loss: 1.1376
2025-05-10 01:56:18,317 - INFO -   Validation accuracy: 44.43%
2025-05-10 01:56:18,317 - INFO -   Learning rate: 0.0001
2025-05-10 01:56:18,317 - INFO - Epoch [33/100]
2025-05-10 01:57:23,184 - INFO -   Training loss: 0.3356
2025-05-10 01:57:43,296 - INFO -   Validation loss: 1.0954
2025-05-10 01:57:43,296 - INFO -   Validation accuracy: 44.88%
2025-05-10 01:57:43,297 - INFO -   Learning rate: 0.0001
2025-05-10 01:57:43,297 - INFO - Epoch [34/100]
2025-05-10 01:58:48,117 - INFO -   Training loss: 0.3268
2025-05-10 01:59:08,256 - INFO -   Validation loss: 1.0478
2025-05-10 01:59:08,256 - INFO -   Validation accuracy: 46.08%
2025-05-10 01:59:08,256 - INFO -   Learning rate: 0.0001
2025-05-10 01:59:08,257 - INFO - Epoch [35/100]
2025-05-10 02:00:12,876 - INFO -   Training loss: 0.3248
2025-05-10 02:00:33,079 - INFO -   Validation loss: 1.0735
2025-05-10 02:00:33,080 - INFO -   Validation accuracy: 47.58%
2025-05-10 02:00:33,080 - INFO -   Learning rate: 0.0001
2025-05-10 02:00:33,080 - INFO - Epoch [36/100]
2025-05-10 02:01:37,874 - INFO -   Training loss: 0.3188
2025-05-10 02:01:58,009 - INFO -   Validation loss: 1.0298
2025-05-10 02:01:58,009 - INFO -   Validation accuracy: 49.48%
2025-05-10 02:01:58,009 - INFO -   Learning rate: 1e-05
2025-05-10 02:01:58,009 - INFO - Epoch [37/100]
2025-05-10 02:03:02,802 - INFO -   Training loss: 0.2980
2025-05-10 02:03:23,000 - INFO -   Validation loss: 1.0029
2025-05-10 02:03:23,000 - INFO -   Validation accuracy: 50.32%
2025-05-10 02:03:23,001 - INFO -   Learning rate: 1e-05
2025-05-10 02:03:23,265 - INFO - Epoch [38/100]
2025-05-10 02:04:28,194 - INFO -   Training loss: 0.2923
2025-05-10 02:04:48,162 - INFO -   Validation loss: 1.0018
2025-05-10 02:04:48,162 - INFO -   Validation accuracy: 49.98%
2025-05-10 02:04:48,162 - INFO -   Learning rate: 1e-05
2025-05-10 02:04:48,428 - INFO - Epoch [39/100]
2025-05-10 02:05:53,400 - INFO -   Training loss: 0.2816
2025-05-10 02:06:13,565 - INFO -   Validation loss: 0.9963
2025-05-10 02:06:13,566 - INFO -   Validation accuracy: 49.78%
2025-05-10 02:06:13,566 - INFO -   Learning rate: 1e-05
2025-05-10 02:06:13,842 - INFO - Epoch [40/100]
2025-05-10 02:07:18,550 - INFO -   Training loss: 0.2812
2025-05-10 02:07:38,503 - INFO -   Validation loss: 0.9869
2025-05-10 02:07:38,504 - INFO -   Validation accuracy: 49.83%
2025-05-10 02:07:38,504 - INFO -   Learning rate: 1e-05
2025-05-10 02:07:38,771 - INFO - Epoch [41/100]
2025-05-10 02:08:43,687 - INFO -   Training loss: 0.2751
2025-05-10 02:09:03,891 - INFO -   Validation loss: 0.9762
2025-05-10 02:09:03,891 - INFO -   Validation accuracy: 50.52%
2025-05-10 02:09:03,891 - INFO -   Learning rate: 1e-05
2025-05-10 02:09:04,156 - INFO - Epoch [42/100]
2025-05-10 02:10:09,080 - INFO -   Training loss: 0.2762
2025-05-10 02:10:29,267 - INFO -   Validation loss: 0.9928
2025-05-10 02:10:29,267 - INFO -   Validation accuracy: 49.03%
2025-05-10 02:10:29,268 - INFO -   Learning rate: 1e-05
2025-05-10 02:10:29,268 - INFO - Epoch [43/100]
2025-05-10 02:11:34,099 - INFO -   Training loss: 0.2811
2025-05-10 02:11:54,206 - INFO -   Validation loss: 0.9884
2025-05-10 02:11:54,206 - INFO -   Validation accuracy: 50.47%
2025-05-10 02:11:54,206 - INFO -   Learning rate: 1e-05
2025-05-10 02:11:54,207 - INFO - Epoch [44/100]
2025-05-10 02:12:59,031 - INFO -   Training loss: 0.2689
2025-05-10 02:13:18,988 - INFO -   Validation loss: 0.9726
2025-05-10 02:13:18,988 - INFO -   Validation accuracy: 51.62%
2025-05-10 02:13:18,988 - INFO -   Learning rate: 1e-05
2025-05-10 02:13:19,251 - INFO - Epoch [45/100]
2025-05-10 02:14:24,004 - INFO -   Training loss: 0.2782
2025-05-10 02:14:44,174 - INFO -   Validation loss: 0.9742
2025-05-10 02:14:44,174 - INFO -   Validation accuracy: 51.42%
2025-05-10 02:14:44,174 - INFO -   Learning rate: 1e-05
2025-05-10 02:14:44,174 - INFO - Epoch [46/100]
2025-05-10 02:15:49,179 - INFO -   Training loss: 0.2672
2025-05-10 02:16:09,338 - INFO -   Validation loss: 1.0051
2025-05-10 02:16:09,338 - INFO -   Validation accuracy: 48.78%
2025-05-10 02:16:09,338 - INFO -   Learning rate: 1e-05
2025-05-10 02:16:09,338 - INFO - Epoch [47/100]
2025-05-10 02:17:14,136 - INFO -   Training loss: 0.2744
2025-05-10 02:17:34,112 - INFO -   Validation loss: 0.9871
2025-05-10 02:17:34,112 - INFO -   Validation accuracy: 50.32%
2025-05-10 02:17:34,112 - INFO -   Learning rate: 1e-05
2025-05-10 02:17:34,112 - INFO - Epoch [48/100]
2025-05-10 02:18:38,942 - INFO -   Training loss: 0.2747
2025-05-10 02:18:59,081 - INFO -   Validation loss: 0.9848
2025-05-10 02:18:59,081 - INFO -   Validation accuracy: 49.63%
2025-05-10 02:18:59,081 - INFO -   Learning rate: 1e-05
2025-05-10 02:18:59,081 - INFO - Epoch [49/100]
2025-05-10 02:20:03,890 - INFO -   Training loss: 0.2676
2025-05-10 02:20:24,029 - INFO -   Validation loss: 0.9820
2025-05-10 02:20:24,029 - INFO -   Validation accuracy: 50.77%
2025-05-10 02:20:24,029 - INFO -   Learning rate: 1e-05
2025-05-10 02:20:24,029 - INFO - Epoch [50/100]
2025-05-10 02:21:28,905 - INFO -   Training loss: 0.2797
2025-05-10 02:21:48,983 - INFO -   Validation loss: 0.9678
2025-05-10 02:21:48,983 - INFO -   Validation accuracy: 50.97%
2025-05-10 02:21:48,984 - INFO -   Learning rate: 1e-05
2025-05-10 02:21:49,245 - INFO - Epoch [51/100]
2025-05-10 02:22:54,186 - INFO -   Training loss: 0.2797
2025-05-10 02:23:14,340 - INFO -   Validation loss: 1.0061
2025-05-10 02:23:14,340 - INFO -   Validation accuracy: 48.63%
2025-05-10 02:23:14,340 - INFO -   Learning rate: 1e-05
2025-05-10 02:23:14,341 - INFO - Epoch [52/100]
2025-05-10 02:24:19,151 - INFO -   Training loss: 0.2681
2025-05-10 02:24:39,097 - INFO -   Validation loss: 1.0035
2025-05-10 02:24:39,097 - INFO -   Validation accuracy: 49.63%
2025-05-10 02:24:39,097 - INFO -   Learning rate: 1e-05
2025-05-10 02:24:39,097 - INFO - Epoch [53/100]
2025-05-10 02:25:43,895 - INFO -   Training loss: 0.2678
2025-05-10 02:26:04,093 - INFO -   Validation loss: 1.0214
2025-05-10 02:26:04,093 - INFO -   Validation accuracy: 48.28%
2025-05-10 02:26:04,093 - INFO -   Learning rate: 1e-05
2025-05-10 02:26:04,093 - INFO - Epoch [54/100]
2025-05-10 02:27:08,899 - INFO -   Training loss: 0.2718
2025-05-10 02:27:29,217 - INFO -   Validation loss: 0.9843
2025-05-10 02:27:29,218 - INFO -   Validation accuracy: 49.53%
2025-05-10 02:27:29,218 - INFO -   Learning rate: 1e-05
2025-05-10 02:27:29,218 - INFO - Epoch [55/100]
2025-05-10 02:28:34,125 - INFO -   Training loss: 0.2689
2025-05-10 02:28:54,404 - INFO -   Validation loss: 0.9922
2025-05-10 02:28:54,404 - INFO -   Validation accuracy: 50.12%
2025-05-10 02:28:54,404 - INFO -   Learning rate: 1e-05
2025-05-10 02:28:54,405 - INFO - Epoch [56/100]
2025-05-10 02:29:57,371 - INFO -   Training loss: 0.2726
2025-05-10 02:30:17,701 - INFO -   Validation loss: 1.0094
2025-05-10 02:30:17,701 - INFO -   Validation accuracy: 48.88%
2025-05-10 02:30:17,702 - INFO -   Learning rate: 1.0000000000000002e-06
2025-05-10 02:30:17,702 - INFO - Epoch [57/100]
2025-05-10 02:31:20,716 - INFO -   Training loss: 0.2711
2025-05-10 02:31:41,237 - INFO -   Validation loss: 0.9971
2025-05-10 02:31:41,237 - INFO -   Validation accuracy: 49.78%
2025-05-10 02:31:41,237 - INFO -   Learning rate: 1.0000000000000002e-06
2025-05-10 02:31:41,238 - INFO - Epoch [58/100]
2025-05-10 02:32:44,892 - INFO -   Training loss: 0.2611
2025-05-10 02:33:05,463 - INFO -   Validation loss: 0.9921
2025-05-10 02:33:05,463 - INFO -   Validation accuracy: 50.27%
2025-05-10 02:33:05,463 - INFO -   Learning rate: 1.0000000000000002e-06
2025-05-10 02:33:05,464 - INFO - Epoch [59/100]
2025-05-10 02:34:09,278 - INFO -   Training loss: 0.2601
2025-05-10 02:34:29,645 - INFO -   Validation loss: 0.9897
2025-05-10 02:34:29,645 - INFO -   Validation accuracy: 49.93%
2025-05-10 02:34:29,645 - INFO -   Learning rate: 1.0000000000000002e-06
2025-05-10 02:34:29,645 - INFO - Epoch [60/100]
2025-05-10 02:35:32,199 - INFO -   Training loss: 0.2666
2025-05-10 02:35:52,292 - INFO -   Validation loss: 0.9926
2025-05-10 02:35:52,292 - INFO -   Validation accuracy: 49.63%
2025-05-10 02:35:52,292 - INFO -   Learning rate: 1.0000000000000002e-06
2025-05-10 02:35:52,292 - INFO -   Early stopping triggered!
2025-05-10 02:35:52,570 - INFO - Testing the model on the test set...
2025-05-10 02:36:12,386 - INFO - Confusion matrix computed.
2025-05-10 02:36:12,577 - INFO - Confusion matrix saved as results/vit_b_16_confusion_matrix.png
2025-05-10 02:36:12,581 - INFO - 
              precision    recall  f1-score   support

       akiec       0.18      0.74      0.29        43
         bcc       0.42      0.56      0.48        93
         bkl       0.50      0.39      0.44       217
          df       0.21      0.84      0.34        44
         mel       0.25      0.59      0.35       171
          nv       0.99      0.43      0.60       908
        vasc       0.46      0.89      0.60        35

    accuracy                           0.48      1511
   macro avg       0.43      0.63      0.44      1511
weighted avg       0.74      0.48      0.52      1511

2025-05-10 02:36:12,582 - INFO - Training and evaluation completed for vit_b_16
